[PREINITIALIZATION][CLIENT][INFO] Loading scripts
[PREINITIALIZATION][CLIENT][INFO] [contenttweaker | SIDE_CLIENT]: Skipping file {[0:crafttweaker]: ActuallyAdditions.zs} as we are currently loading with a different loader
[PREINITIALIZATION][CLIENT][INFO] [contenttweaker | SIDE_CLIENT]: Skipping file {[0:crafttweaker]: AgriCraft.zs} as we are currently loading with a different loader
[PREINITIALIZATION][CLIENT][INFO] [contenttweaker | SIDE_CLIENT]: Skipping file {[0:crafttweaker]: CFSupport.zs} as we are currently loading with a different loader
[PREINITIALIZATION][CLIENT][INFO] [contenttweaker | SIDE_CLIENT]: Skipping file {[0:crafttweaker]: chiselsandbits.zs} as we are currently loading with a different loader
[PREINITIALIZATION][CLIENT][INFO] [contenttweaker | SIDE_CLIENT]: Skipping file {[0:crafttweaker]: ExNihilo.zs} as we are currently loading with a different loader
[PREINITIALIZATION][CLIENT][INFO] [contenttweaker | SIDE_CLIENT]: Skipping file {[0:crafttweaker]: ExtraUtilities2.zs} as we are currently loading with a different loader
[PREINITIALIZATION][CLIENT][INFO] [contenttweaker | SIDE_CLIENT]: Skipping file {[0:crafttweaker]: ImmersiveEngineering.zs} as we are currently loading with a different loader
[PREINITIALIZATION][CLIENT][INFO] [contenttweaker | SIDE_CLIENT]: Skipping file {[0:crafttweaker]: minecraft.zs} as we are currently loading with a different loader
[PREINITIALIZATION][CLIENT][INFO] [contenttweaker | SIDE_CLIENT]: Skipping file {[0:crafttweaker]: MobGrindingUtils.zs} as we are currently loading with a different loader
[PREINITIALIZATION][CLIENT][INFO] [contenttweaker | SIDE_CLIENT]: Skipping file {[0:crafttweaker]: OreDict.zs} as we are currently loading with a different loader
[PREINITIALIZATION][CLIENT][INFO] [contenttweaker | SIDE_CLIENT]: Skipping file {[0:crafttweaker]: recipes.zs} as we are currently loading with a different loader
[PREINITIALIZATION][CLIENT][INFO] [contenttweaker | SIDE_CLIENT]: Skipping file {[0:crafttweaker]: Snad.zs} as we are currently loading with a different loader
[PREINITIALIZATION][CLIENT][INFO] [contenttweaker | SIDE_CLIENT]: Skipping file {[0:crafttweaker]: TiC.zs} as we are currently loading with a different loader
[PREINITIALIZATION][CLIENT][INFO] [contenttweaker | SIDE_CLIENT]: Skipping file {[0:crafttweaker]: TinyProgressions.zs} as we are currently loading with a different loader
[PREINITIALIZATION][CLIENT][INFO] Completed script loading in: 2ms
[INITIALIZATION][CLIENT][INFO] CraftTweaker: Building registry
[INITIALIZATION][CLIENT][INFO] CraftTweaker: Successfully built item registry
[INITIALIZATION][CLIENT][INFO] Loading scripts
[INITIALIZATION][CLIENT][INFO] [crafttweaker | SIDE_CLIENT]: Loading Script: {[0:crafttweaker]: ActuallyAdditions.zs}
[INITIALIZATION][CLIENT][INFO] [crafttweaker | SIDE_CLIENT]: Loading Script: {[0:crafttweaker]: AgriCraft.zs}
[INITIALIZATION][CLIENT][INFO] [crafttweaker | SIDE_CLIENT]: Loading Script: {[0:crafttweaker]: CFSupport.zs}
[INITIALIZATION][CLIENT][INFO] [crafttweaker | SIDE_CLIENT]: Loading Script: {[0:crafttweaker]: chiselsandbits.zs}
[INITIALIZATION][CLIENT][INFO] [crafttweaker | SIDE_CLIENT]: Loading Script: {[0:crafttweaker]: ExNihilo.zs}
[INITIALIZATION][CLIENT][INFO] [crafttweaker | SIDE_CLIENT]: Loading Script: {[0:crafttweaker]: ExtraUtilities2.zs}
[INITIALIZATION][CLIENT][INFO] [crafttweaker | SIDE_CLIENT]: Loading Script: {[0:crafttweaker]: ImmersiveEngineering.zs}
[INITIALIZATION][CLIENT][INFO] Adding Blueprint Recipe for Inscriber Calculation Press
[INITIALIZATION][CLIENT][INFO] Adding Blueprint Recipe for Inscriber Engineering Press
[INITIALIZATION][CLIENT][INFO] Adding Blueprint Recipe for Inscriber Logic Press
[INITIALIZATION][CLIENT][INFO] Adding Blueprint Recipe for Inscriber Silicon Press
[INITIALIZATION][CLIENT][INFO] Adding Alloy Smelter Recipe for Grains of Infinity
[INITIALIZATION][CLIENT][INFO] [crafttweaker | SIDE_CLIENT]: Loading Script: {[0:crafttweaker]: minecraft.zs}
[INITIALIZATION][CLIENT][INFO] [crafttweaker | SIDE_CLIENT]: Loading Script: {[0:crafttweaker]: MobGrindingUtils.zs}
[INITIALIZATION][CLIENT][INFO] [crafttweaker | SIDE_CLIENT]: Loading Script: {[0:crafttweaker]: OreDict.zs}
[INITIALIZATION][CLIENT][INFO] Adding Wooden Hammer to ore dictionary entry ExHammers
[INITIALIZATION][CLIENT][INFO] Adding Stone Hammer to ore dictionary entry ExHammers
[INITIALIZATION][CLIENT][INFO] Adding Iron Hammer to ore dictionary entry ExHammers
[INITIALIZATION][CLIENT][INFO] Adding Gold Hammer to ore dictionary entry ExHammers
[INITIALIZATION][CLIENT][INFO] Adding Diamond Hammer to ore dictionary entry ExHammers
[INITIALIZATION][CLIENT][INFO] Adding Nether Quartz Cutting Knife to ore dictionary entry AECuttingKnife
[INITIALIZATION][CLIENT][INFO] Adding Certus Quartz Cutting Knife to ore dictionary entry AECuttingKnife
[INITIALIZATION][CLIENT][INFO] [crafttweaker | SIDE_CLIENT]: Loading Script: {[0:crafttweaker]: recipes.zs}
[INITIALIZATION][CLIENT][INFO] [crafttweaker | SIDE_CLIENT]: Loading Script: {[0:crafttweaker]: Snad.zs}
[INITIALIZATION][CLIENT][INFO] [crafttweaker | SIDE_CLIENT]: Loading Script: {[0:crafttweaker]: TiC.zs}
[INITIALIZATION][CLIENT][INFO] [crafttweaker | SIDE_CLIENT]: Loading Script: {[0:crafttweaker]: TinyProgressions.zs}
[INITIALIZATION][CLIENT][INFO] Completed script loading in: 503ms
[POSTINITIALIZATION][CLIENT][INFO] Removing Shaped recipes for <mysticalagriculture:mystical_fertilizer>
[POSTINITIALIZATION][CLIENT][INFO] 2 removed
[POSTINITIALIZATION][CLIENT][INFO] Removing Shaped recipes for <mob_grinding_utils:saw_upgrade:5>
[POSTINITIALIZATION][CLIENT][INFO] 1 removed
[POSTINITIALIZATION][CLIENT][INFO] Removing Shaped recipes for <actuallyadditions:item_misc:4>
[POSTINITIALIZATION][CLIENT][INFO] 0 removed
[POSTINITIALIZATION][CLIENT][INFO] Removing Shaped recipes for <excompressum:bait:2>
[POSTINITIALIZATION][CLIENT][INFO] 0 removed
[POSTINITIALIZATION][CLIENT][INFO] Removing Shaped recipes for <snad:snad>
[POSTINITIALIZATION][CLIENT][INFO] 1 removed
[POSTINITIALIZATION][CLIENT][INFO] Removing Shaped recipes for <snad:snad:1>
[POSTINITIALIZATION][CLIENT][INFO] 1 removed
[POSTINITIALIZATION][CLIENT][INFO] Removing Shaped recipes for <tp:cobblegen_block>
[POSTINITIALIZATION][CLIENT][INFO] 2 removed
[POSTINITIALIZATION][CLIENT][INFO] Removing Shaped recipes for <tp:iron_cobblegen_block>
[POSTINITIALIZATION][CLIENT][INFO] 1 removed
[POSTINITIALIZATION][CLIENT][INFO] Removing Shaped recipes for <tp:diamond_cobblegen_block>
[POSTINITIALIZATION][CLIENT][INFO] 1 removed
[POSTINITIALIZATION][CLIENT][INFO] Adding shaped recipe for Mystical Fertilizer with name ct_shaped362660089
[POSTINITIALIZATION][CLIENT][INFO] Adding shaped recipe for Wooden Wrench with name ct_shaped1943309645
[POSTINITIALIZATION][CLIENT][INFO] Adding shaped recipe for Transfer Pipe with name ct_shaped-1554811825
[POSTINITIALIZATION][CLIENT][INFO] Adding shaped recipe for Transfer Pipe with name ct_shaped-1954547266
[POSTINITIALIZATION][CLIENT][INFO] Adding shaped recipe for Engineer's Blueprint with name ct_shaped656014893
[POSTINITIALIZATION][CLIENT][INFO] Adding shapeless recipe for Clay with name ct_shapeless1816281927
[POSTINITIALIZATION][CLIENT][INFO] Adding shaped recipe for Furnace with name ct_shaped1986255435
[POSTINITIALIZATION][CLIENT][INFO] Adding shaped recipe for Mob Masher Upgrade with name ct_shaped1934866161
[POSTINITIALIZATION][CLIENT][INFO] Adding shaped recipe for Mob Masher Upgrade with name ct_shaped-648975951
[POSTINITIALIZATION][CLIENT][INFO] Adding shaped recipe for Dough with name ct_shaped1434491197
[POSTINITIALIZATION][CLIENT][INFO] Adding shaped recipe for Cow Bait with name ct_shaped348323119
[POSTINITIALIZATION][CLIENT][INFO] Adding shapeless recipe for Pattern Core with name ct_shapeless903958039
[POSTINITIALIZATION][CLIENT][INFO] Adding shapeless recipe for Wet Pattern with name ct_shapeless1189419951
[POSTINITIALIZATION][CLIENT][INFO] Adding shaped recipe for Cobblestone Generator with name ct_shaped-493414669
[POSTINITIALIZATION][CLIENT][INFO] Adding shaped recipe for Cobblestone Generator Tier 2 with name ct_shaped909194680
[POSTINITIALIZATION][CLIENT][INFO] Adding shaped recipe for Cobblestone Generator Tier 3 with name ct_shaped1560193645
[AVAILABLE][CLIENT][INFO] Adding 1 Empowerer Recipe(s) for <snad:snad>
[AVAILABLE][CLIENT][INFO] Altering Drying Recipe(s) for <tconstruct:pattern>
[AVAILABLE][CLIENT][INFO] Hiding item in JEI: <snad:snad:1>
[SERVER_STARTED][CLIENT][INFO] Fixed the RecipeBook
